<?xml version="1.0" encoding="utf-8"?><testsuites><testsuite name="pytest" errors="0" failures="0" skipped="0" tests="5" time="0.078" timestamp="2025-06-01T22:42:42.170171+05:30" hostname="MyWorkspace"><testcase classname="my_python_project.tests.test_calculator" name="test_add" time="0.002" /><testcase classname="my_python_project.tests.test_calculator" name="test_subtract" time="0.001" /><testcase classname="my_python_project.tests.test_calculator" name="test_multiply" time="0.001" /><testcase classname="my_python_project.tests.test_calculator" name="test_divide" time="0.002" /><testcase classname="my_python_project.tests.test_calculator" name="test_divide_by_zero" time="0.002" /></testsuite></testsuites>